-------------------------------------------------------------------------------
Test set: com.algaworks.ecommerce.BMapeamentoBasico.AMapeandoEnumeracoesTest
-------------------------------------------------------------------------------
Tests run: 1, Failures: 1, Errors: 0, Skipped: 0, Time elapsed: 0.002 sec <<< FAILURE!
com.algaworks.ecommerce.BMapeamentoBasico.AMapeandoEnumeracoesTest.testarEnum()  Time elapsed: 0.001 sec  <<< FAILURE!
java.lang.NullPointerException
	at com.algaworks.ecommerce.BMapeamentoBasico.AMapeandoEnumeracoesTest.testarEnum(AMapeandoEnumeracoesTest.java:18)

