-------------------------------------------------------------------------------
Test set: com.algaworks.ecommerce.BMapeamentoBasico.CEstrategiaChavePrimariaTest
-------------------------------------------------------------------------------
Tests run: 1, Failures: 1, Errors: 0, Skipped: 0, Time elapsed: 0.001 sec <<< FAILURE!
com.algaworks.ecommerce.BMapeamentoBasico.CEstrategiaChavePrimariaTest.testarEstartegia()  Time elapsed: 0 sec  <<< FAILURE!
java.lang.NullPointerException
	at com.algaworks.ecommerce.BMapeamentoBasico.CEstrategiaChavePrimariaTest.testarEstartegia(CEstrategiaChavePrimariaTest.java:15)

